<?xml version="1.0" encoding="UTF-8"?>
<!-- Generated by org.testng.reporters.JUnitXMLReporter -->
<testsuite ignored="2" hostname="DESKTOP-M9G8GLA" failures="0" tests="4" name="Testing Start On Chrome" time="109.872" errors="0" timestamp="2022-08-24T12:08:09 IST">
  <testcase classname="org.crm.vtiger.evs.beta.tsLayer.TestCases" name="tsInvoiceCreation" time="29.562"/>
  <testcase classname="org.crm.vtiger.evs.beta.tsLayer.TestCases" name="tsMarketingCampaignCreation" time="16.859"/>
  <testcase classname="org.crm.vtiger.evs.beta.tsLayer.TestCases" name="tsHomePageAboutUs" time="7.167"/>
  <testcase classname="org.crm.vtiger.evs.beta.tsLayer.TestCases" name="tsAccount" time="9.882"/>
  <testcase classname="org.crm.vtiger.evs.beta.tsLayer.BaseTestCaseLayer" name="@AfterTest report1" time="0.0">
    <ignored/>
  </testcase> <!-- @AfterTest report1 -->
  <testcase classname="org.crm.vtiger.evs.beta.tsLayer.BaseTestCaseLayer" name="@BeforeTest report" time="0.0">
    <ignored/>
  </testcase> <!-- @BeforeTest report -->
</testsuite> <!-- Testing Start On Chrome -->
