<?xml version="1.0" encoding="UTF-8"?>
<testng-results ignored="3" total="10" passed="7" failed="0" skipped="0">
  <reporter-output>
  </reporter-output>
  <suite started-at="2022-08-30T12:12:37 IST" name="Vtiger CRM Project" finished-at="2022-08-30T12:14:41 IST" duration-ms="123417">
    <groups>
      <group name="regression">
        <method signature="TestCases.tsHomePageAboutUs()[pri:0, instance:org.crm.vtiger.evs.beta.tsLayer.TestCases@470f1802]" name="tsHomePageAboutUs" class="org.crm.vtiger.evs.beta.tsLayer.TestCases"/>
        <method signature="TestCases.tsInvoiceCreation()[pri:2, instance:org.crm.vtiger.evs.beta.tsLayer.TestCases@470f1802]" name="tsInvoiceCreation" class="org.crm.vtiger.evs.beta.tsLayer.TestCases"/>
        <method signature="TestCases.tsHomePageAboutUs()[pri:0, instance:org.crm.vtiger.evs.beta.tsLayer.TestCases@7714e963]" name="tsHomePageAboutUs" class="org.crm.vtiger.evs.beta.tsLayer.TestCases"/>
        <method signature="TestCases.tsInvoiceCreation()[pri:2, instance:org.crm.vtiger.evs.beta.tsLayer.TestCases@7714e963]" name="tsInvoiceCreation" class="org.crm.vtiger.evs.beta.tsLayer.TestCases"/>
      </group> <!-- regression -->
      <group name="smoke">
        <method signature="TestCases.tsAccount()[pri:0, instance:org.crm.vtiger.evs.beta.tsLayer.TestCases@470f1802]" name="tsAccount" class="org.crm.vtiger.evs.beta.tsLayer.TestCases"/>
        <method signature="TestCases.tsInvoiceCreation()[pri:2, instance:org.crm.vtiger.evs.beta.tsLayer.TestCases@470f1802]" name="tsInvoiceCreation" class="org.crm.vtiger.evs.beta.tsLayer.TestCases"/>
        <method signature="TestCases.tsAccount()[pri:0, instance:org.crm.vtiger.evs.beta.tsLayer.TestCases@7714e963]" name="tsAccount" class="org.crm.vtiger.evs.beta.tsLayer.TestCases"/>
        <method signature="TestCases.tsInvoiceCreation()[pri:2, instance:org.crm.vtiger.evs.beta.tsLayer.TestCases@7714e963]" name="tsInvoiceCreation" class="org.crm.vtiger.evs.beta.tsLayer.TestCases"/>
        <method signature="TestCases.tsMarketingCampaignCreation()[pri:1, instance:org.crm.vtiger.evs.beta.tsLayer.TestCases@7714e963]" name="tsMarketingCampaignCreation" class="org.crm.vtiger.evs.beta.tsLayer.TestCases"/>
      </group> <!-- smoke -->
    </groups>
    <test started-at="2022-08-30T12:12:37 IST" name="Testing On chrome" finished-at="2022-08-30T12:13:41 IST" duration-ms="63786">
      <class name="org.crm.vtiger.evs.beta.tsLayer.TestCases">
        <test-method is-config="true" signature="report()[pri:0, instance:org.crm.vtiger.evs.beta.tsLayer.TestCases@470f1802]" started-at="2022-08-30T12:12:37 IST" name="report" finished-at="2022-08-30T12:12:38 IST" duration-ms="19" status="PASS">
          <reporter-output>
          </reporter-output>
        </test-method> <!-- report -->
        <test-method is-config="true" signature="tsLaunchBrowser(java.lang.String)[pri:0, instance:org.crm.vtiger.evs.beta.tsLayer.TestCases@470f1802]" started-at="2022-08-30T12:12:38 IST" name="tsLaunchBrowser" finished-at="2022-08-30T12:12:45 IST" duration-ms="7868" status="PASS">
          <params>
            <param index="0">
              <value>
                <![CDATA[chrome]]>
              </value>
            </param>
          </params>
          <reporter-output>
          </reporter-output>
        </test-method> <!-- tsLaunchBrowser -->
        <test-method is-config="true" signature="tsloginPage()[pri:0, instance:org.crm.vtiger.evs.beta.tsLayer.TestCases@470f1802]" started-at="2022-08-30T12:12:45 IST" name="tsloginPage" finished-at="2022-08-30T12:12:49 IST" duration-ms="4029" status="PASS">
          <reporter-output>
          </reporter-output>
        </test-method> <!-- tsloginPage -->
        <test-method signature="tsAccount()[pri:0, instance:org.crm.vtiger.evs.beta.tsLayer.TestCases@470f1802]" started-at="2022-08-30T12:12:49 IST" name="tsAccount" finished-at="2022-08-30T12:13:02 IST" duration-ms="12940" status="PASS">
          <reporter-output>
          </reporter-output>
        </test-method> <!-- tsAccount -->
        <test-method is-config="true" signature="tslogout()[pri:0, instance:org.crm.vtiger.evs.beta.tsLayer.TestCases@470f1802]" started-at="2022-08-30T12:13:02 IST" name="tslogout" finished-at="2022-08-30T12:13:05 IST" duration-ms="2659" status="PASS">
          <reporter-output>
          </reporter-output>
        </test-method> <!-- tslogout -->
        <test-method is-config="true" signature="tsloginPage()[pri:0, instance:org.crm.vtiger.evs.beta.tsLayer.TestCases@470f1802]" started-at="2022-08-30T12:13:05 IST" name="tsloginPage" finished-at="2022-08-30T12:13:08 IST" duration-ms="3239" status="PASS">
          <reporter-output>
          </reporter-output>
        </test-method> <!-- tsloginPage -->
        <test-method signature="tsHomePageAboutUs()[pri:0, instance:org.crm.vtiger.evs.beta.tsLayer.TestCases@470f1802]" started-at="2022-08-30T12:13:08 IST" name="tsHomePageAboutUs" finished-at="2022-08-30T12:13:12 IST" duration-ms="3935" status="PASS">
          <reporter-output>
          </reporter-output>
        </test-method> <!-- tsHomePageAboutUs -->
        <test-method is-config="true" signature="tslogout()[pri:0, instance:org.crm.vtiger.evs.beta.tsLayer.TestCases@470f1802]" started-at="2022-08-30T12:13:12 IST" name="tslogout" finished-at="2022-08-30T12:13:15 IST" duration-ms="2359" status="PASS">
          <reporter-output>
          </reporter-output>
        </test-method> <!-- tslogout -->
        <test-method is-config="true" signature="tsloginPage()[pri:0, instance:org.crm.vtiger.evs.beta.tsLayer.TestCases@470f1802]" started-at="2022-08-30T12:13:15 IST" name="tsloginPage" finished-at="2022-08-30T12:13:18 IST" duration-ms="3022" status="PASS">
          <reporter-output>
          </reporter-output>
        </test-method> <!-- tsloginPage -->
        <test-method signature="tsInvoiceCreation()[pri:2, instance:org.crm.vtiger.evs.beta.tsLayer.TestCases@470f1802]" started-at="2022-08-30T12:13:18 IST" name="tsInvoiceCreation" finished-at="2022-08-30T12:13:39 IST" duration-ms="21350" status="PASS">
          <reporter-output>
          </reporter-output>
        </test-method> <!-- tsInvoiceCreation -->
        <test-method is-config="true" signature="tslogout()[pri:0, instance:org.crm.vtiger.evs.beta.tsLayer.TestCases@470f1802]" started-at="2022-08-30T12:13:39 IST" name="tslogout" finished-at="2022-08-30T12:13:41 IST" duration-ms="1718" status="PASS">
          <reporter-output>
          </reporter-output>
        </test-method> <!-- tslogout -->
        <test-method is-config="true" signature="tsCloseBrowser()[pri:0, instance:org.crm.vtiger.evs.beta.tsLayer.TestCases@470f1802]" started-at="2022-08-30T12:13:41 IST" name="tsCloseBrowser" finished-at="2022-08-30T12:13:41 IST" duration-ms="554" status="PASS">
          <reporter-output>
          </reporter-output>
        </test-method> <!-- tsCloseBrowser -->
        <test-method is-config="true" signature="report1()[pri:0, instance:org.crm.vtiger.evs.beta.tsLayer.TestCases@470f1802]" started-at="2022-08-30T12:13:41 IST" name="report1" finished-at="2022-08-30T12:13:41 IST" duration-ms="0" status="PASS">
          <reporter-output>
          </reporter-output>
        </test-method> <!-- report1 -->
      </class> <!-- org.crm.vtiger.evs.beta.tsLayer.TestCases -->
    </test> <!-- Testing On chrome -->
    <test started-at="2022-08-30T12:13:41 IST" name="Testing on Firefox Browser" finished-at="2022-08-30T12:14:41 IST" duration-ms="59530">
      <class name="org.crm.vtiger.evs.beta.tsLayer.BaseTestCaseLayer">
        <test-method is-config="true" signature="report()[pri:0, instance:org.crm.vtiger.evs.beta.tsLayer.BaseTestCaseLayer@1dde4cb2]" started-at="2022-08-30T12:13:41 IST" name="report" finished-at="2022-08-30T12:13:41 IST" duration-ms="1" status="PASS">
          <reporter-output>
          </reporter-output>
        </test-method> <!-- report -->
        <test-method is-config="true" signature="report1()[pri:0, instance:org.crm.vtiger.evs.beta.tsLayer.BaseTestCaseLayer@1dde4cb2]" started-at="2022-08-30T12:14:41 IST" name="report1" finished-at="2022-08-30T12:14:41 IST" duration-ms="0" status="PASS">
          <reporter-output>
          </reporter-output>
        </test-method> <!-- report1 -->
      </class> <!-- org.crm.vtiger.evs.beta.tsLayer.BaseTestCaseLayer -->
      <class name="org.crm.vtiger.evs.beta.tsLayer.TestCases">
        <test-method is-config="true" signature="tsLaunchBrowser(java.lang.String)[pri:0, instance:org.crm.vtiger.evs.beta.tsLayer.TestCases@7714e963]" started-at="2022-08-30T12:13:41 IST" name="tsLaunchBrowser" finished-at="2022-08-30T12:13:50 IST" duration-ms="8536" status="PASS">
          <params>
            <param index="0">
              <value>
                <![CDATA[Firefox]]>
              </value>
            </param>
          </params>
          <reporter-output>
          </reporter-output>
        </test-method> <!-- tsLaunchBrowser -->
        <test-method is-config="true" signature="tsloginPage()[pri:0, instance:org.crm.vtiger.evs.beta.tsLayer.TestCases@7714e963]" started-at="2022-08-30T12:13:50 IST" name="tsloginPage" finished-at="2022-08-30T12:13:53 IST" duration-ms="2956" status="PASS">
          <reporter-output>
          </reporter-output>
        </test-method> <!-- tsloginPage -->
        <test-method signature="tsAccount()[pri:0, instance:org.crm.vtiger.evs.beta.tsLayer.TestCases@7714e963]" started-at="2022-08-30T12:13:53 IST" name="tsAccount" finished-at="2022-08-30T12:14:00 IST" duration-ms="6967" status="PASS">
          <reporter-output>
          </reporter-output>
        </test-method> <!-- tsAccount -->
        <test-method is-config="true" signature="tslogout()[pri:0, instance:org.crm.vtiger.evs.beta.tsLayer.TestCases@7714e963]" started-at="2022-08-30T12:14:00 IST" name="tslogout" finished-at="2022-08-30T12:14:01 IST" duration-ms="1540" status="PASS">
          <reporter-output>
          </reporter-output>
        </test-method> <!-- tslogout -->
        <test-method is-config="true" signature="tsloginPage()[pri:0, instance:org.crm.vtiger.evs.beta.tsLayer.TestCases@7714e963]" started-at="2022-08-30T12:14:01 IST" name="tsloginPage" finished-at="2022-08-30T12:14:04 IST" duration-ms="2512" status="PASS">
          <reporter-output>
          </reporter-output>
        </test-method> <!-- tsloginPage -->
        <test-method signature="tsHomePageAboutUs()[pri:0, instance:org.crm.vtiger.evs.beta.tsLayer.TestCases@7714e963]" started-at="2022-08-30T12:14:04 IST" name="tsHomePageAboutUs" finished-at="2022-08-30T12:14:08 IST" duration-ms="3718" status="PASS">
          <reporter-output>
          </reporter-output>
        </test-method> <!-- tsHomePageAboutUs -->
        <test-method is-config="true" signature="tslogout()[pri:0, instance:org.crm.vtiger.evs.beta.tsLayer.TestCases@7714e963]" started-at="2022-08-30T12:14:08 IST" name="tslogout" finished-at="2022-08-30T12:14:09 IST" duration-ms="1439" status="PASS">
          <reporter-output>
          </reporter-output>
        </test-method> <!-- tslogout -->
        <test-method is-config="true" signature="tsloginPage()[pri:0, instance:org.crm.vtiger.evs.beta.tsLayer.TestCases@7714e963]" started-at="2022-08-30T12:14:09 IST" name="tsloginPage" finished-at="2022-08-30T12:14:11 IST" duration-ms="2421" status="PASS">
          <reporter-output>
          </reporter-output>
        </test-method> <!-- tsloginPage -->
        <test-method signature="tsMarketingCampaignCreation()[pri:1, instance:org.crm.vtiger.evs.beta.tsLayer.TestCases@7714e963]" started-at="2022-08-30T12:14:11 IST" name="tsMarketingCampaignCreation" finished-at="2022-08-30T12:14:19 IST" duration-ms="7356" status="PASS">
          <reporter-output>
          </reporter-output>
        </test-method> <!-- tsMarketingCampaignCreation -->
        <test-method is-config="true" signature="tslogout()[pri:0, instance:org.crm.vtiger.evs.beta.tsLayer.TestCases@7714e963]" started-at="2022-08-30T12:14:19 IST" name="tslogout" finished-at="2022-08-30T12:14:20 IST" duration-ms="1444" status="PASS">
          <reporter-output>
          </reporter-output>
        </test-method> <!-- tslogout -->
        <test-method is-config="true" signature="tsloginPage()[pri:0, instance:org.crm.vtiger.evs.beta.tsLayer.TestCases@7714e963]" started-at="2022-08-30T12:14:20 IST" name="tsloginPage" finished-at="2022-08-30T12:14:23 IST" duration-ms="2422" status="PASS">
          <reporter-output>
          </reporter-output>
        </test-method> <!-- tsloginPage -->
        <test-method signature="tsInvoiceCreation()[pri:2, instance:org.crm.vtiger.evs.beta.tsLayer.TestCases@7714e963]" started-at="2022-08-30T12:14:23 IST" name="tsInvoiceCreation" finished-at="2022-08-30T12:14:38 IST" duration-ms="14929" status="PASS">
          <reporter-output>
          </reporter-output>
        </test-method> <!-- tsInvoiceCreation -->
        <test-method is-config="true" signature="tslogout()[pri:0, instance:org.crm.vtiger.evs.beta.tsLayer.TestCases@7714e963]" started-at="2022-08-30T12:14:38 IST" name="tslogout" finished-at="2022-08-30T12:14:39 IST" duration-ms="1796" status="PASS">
          <reporter-output>
          </reporter-output>
        </test-method> <!-- tslogout -->
        <test-method is-config="true" signature="tsCloseBrowser()[pri:0, instance:org.crm.vtiger.evs.beta.tsLayer.TestCases@7714e963]" started-at="2022-08-30T12:14:39 IST" name="tsCloseBrowser" finished-at="2022-08-30T12:14:41 IST" duration-ms="1435" status="PASS">
          <reporter-output>
          </reporter-output>
        </test-method> <!-- tsCloseBrowser -->
      </class> <!-- org.crm.vtiger.evs.beta.tsLayer.TestCases -->
    </test> <!-- Testing on Firefox Browser -->
    <test started-at="2022-08-30T12:14:41 IST" name="smoke group run" finished-at="2022-08-30T12:14:41 IST" duration-ms="2">
    </test> <!-- smoke group run -->
  </suite> <!-- Vtiger CRM Project -->
</testng-results>
