<?xml version="1.0" encoding="UTF-8"?>
<!-- Generated by org.testng.reporters.JUnitXMLReporter -->
<testsuite ignored="1" hostname="DESKTOP-M9G8GLA" failures="0" tests="4" name="Testing On chrome" time="85.748" errors="0" timestamp="2022-08-30T13:22:30 IST">
  <testcase classname="org.crm.vtiger.evs.beta.tsLayer.TestCases" name="onStart" time="0.017"/>
  <testcase classname="org.crm.vtiger.evs.beta.tsLayer.TestCases" name="tsAccount" time="14.657"/>
  <testcase classname="org.crm.vtiger.evs.beta.tsLayer.TestCases" name="tsHomePageAboutUs" time="4.006"/>
  <testcase classname="org.crm.vtiger.evs.beta.tsLayer.TestCases" name="tsInvoiceCreation" time="21.04"/>
  <testcase classname="org.crm.vtiger.evs.beta.tsLayer.TestCases" name="tsMarketingCampaignCreation" time="0.0">
    <ignored/>
  </testcase> <!-- tsMarketingCampaignCreation -->
</testsuite> <!-- Testing On chrome -->
