<?xml version="1.0" encoding="UTF-8"?>
<!-- Generated by org.testng.reporters.JUnitXMLReporter -->
<testsuite ignored="0" hostname="DESKTOP-M9G8GLA" failures="0" tests="4" name="Testing On chrome" time="82.254" errors="0" timestamp="2022-08-24T11:41:59 IST">
  <testcase classname="org.crm.vtiger.evs.beta.tsLayer.TestCases" name="tsInvoiceCreation" time="23.954"/>
  <testcase classname="org.crm.vtiger.evs.beta.tsLayer.TestCases" name="tsMarketingCampaignCreation" time="12.726"/>
  <testcase classname="org.crm.vtiger.evs.beta.tsLayer.TestCases" name="tsHomePageAboutUs" time="4.911"/>
  <testcase classname="org.crm.vtiger.evs.beta.tsLayer.TestCases" name="tsAccount" time="8.526"/>
</testsuite> <!-- Testing On chrome -->
