<?xml version="1.0" encoding="UTF-8"?>
<!-- Generated by org.testng.reporters.JUnitXMLReporter -->
<testsuite ignored="1" hostname="DESKTOP-M9G8GLA" failures="0" tests="3" name="Default test" time="71.557" errors="0" timestamp="2022-08-20T10:32:26 IST">
  <testcase classname="org.crm.vtiger.evs.beta.tsLayer.TestCases" name="tsAccount" time="15.737"/>
  <testcase classname="org.crm.vtiger.evs.beta.tsLayer.TestCases" name="tsMarketingCampaignCreation" time="7.461"/>
  <testcase classname="org.crm.vtiger.evs.beta.tsLayer.TestCases" name="tsInvoiceCreation" time="21.754"/>
  <testcase classname="org.crm.vtiger.evs.beta.tsLayer.TestCases" name="tsHomePageAboutUs" time="0.0">
    <ignored/>
  </testcase> <!-- tsHomePageAboutUs -->
</testsuite> <!-- Default test -->
