<?xml version="1.0" encoding="UTF-8"?>
<!-- Generated by org.testng.reporters.JUnitXMLReporter -->
<testsuite ignored="1" hostname="DESKTOP-M9G8GLA" failures="0" tests="3" name="Testing On chrome" time="90.676" errors="0" timestamp="2022-09-09T13:36:16 IST">
  <testcase classname="org.crm.vtiger.evs.beta.tsLayer.TestCases" name="tsAccount" time="12.4"/>
  <testcase classname="org.crm.vtiger.evs.beta.tsLayer.TestCases" name="tsHomePageAboutUs" time="7.846"/>
  <testcase classname="org.crm.vtiger.evs.beta.tsLayer.TestCases" name="tsInvoiceCreation" time="32.933"/>
  <testcase classname="org.crm.vtiger.evs.beta.tsLayer.TestCases" name="tsMarketingCampaignCreation" time="0.0">
    <ignored/>
  </testcase> <!-- tsMarketingCampaignCreation -->
</testsuite> <!-- Testing On chrome -->
