<?xml version="1.0" encoding="UTF-8"?>
<testng-results ignored="3" total="10" passed="7" failed="0" skipped="0">
  <reporter-output>
  </reporter-output>
  <suite started-at="2022-08-24T12:06:19 IST" name="Vtiger CRM Project" finished-at="2022-08-24T12:09:21 IST" duration-ms="182750">
    <groups>
      <group name="regression">
        <method signature="TestCases.tsHomePageAboutUs()[pri:3, instance:org.crm.vtiger.evs.beta.tsLayer.TestCases@29626d54]" name="tsHomePageAboutUs" class="org.crm.vtiger.evs.beta.tsLayer.TestCases"/>
        <method signature="TestCases.tsInvoiceCreation()[pri:1, instance:org.crm.vtiger.evs.beta.tsLayer.TestCases@29626d54]" name="tsInvoiceCreation" class="org.crm.vtiger.evs.beta.tsLayer.TestCases"/>
        <method signature="TestCases.tsInvoiceCreation()[pri:1, instance:org.crm.vtiger.evs.beta.tsLayer.TestCases@291ae]" name="tsInvoiceCreation" class="org.crm.vtiger.evs.beta.tsLayer.TestCases"/>
      </group> <!-- regression -->
      <group name="smoke">
        <method signature="TestCases.tsAccount()[pri:4, instance:org.crm.vtiger.evs.beta.tsLayer.TestCases@29626d54]" name="tsAccount" class="org.crm.vtiger.evs.beta.tsLayer.TestCases"/>
        <method signature="TestCases.tsInvoiceCreation()[pri:1, instance:org.crm.vtiger.evs.beta.tsLayer.TestCases@29626d54]" name="tsInvoiceCreation" class="org.crm.vtiger.evs.beta.tsLayer.TestCases"/>
        <method signature="TestCases.tsMarketingCampaignCreation()[pri:2, instance:org.crm.vtiger.evs.beta.tsLayer.TestCases@29626d54]" name="tsMarketingCampaignCreation" class="org.crm.vtiger.evs.beta.tsLayer.TestCases"/>
        <method signature="TestCases.tsAccount()[pri:4, instance:org.crm.vtiger.evs.beta.tsLayer.TestCases@291ae]" name="tsAccount" class="org.crm.vtiger.evs.beta.tsLayer.TestCases"/>
        <method signature="TestCases.tsInvoiceCreation()[pri:1, instance:org.crm.vtiger.evs.beta.tsLayer.TestCases@291ae]" name="tsInvoiceCreation" class="org.crm.vtiger.evs.beta.tsLayer.TestCases"/>
        <method signature="TestCases.tsMarketingCampaignCreation()[pri:2, instance:org.crm.vtiger.evs.beta.tsLayer.TestCases@291ae]" name="tsMarketingCampaignCreation" class="org.crm.vtiger.evs.beta.tsLayer.TestCases"/>
      </group> <!-- smoke -->
    </groups>
    <test started-at="2022-08-24T12:06:19 IST" name="Testing Start On Chrome" finished-at="2022-08-24T12:08:09 IST" duration-ms="109872">
      <class name="org.crm.vtiger.evs.beta.tsLayer.BaseTestCaseLayer">
        <test-method is-config="true" signature="report()[pri:0, instance:org.crm.vtiger.evs.beta.tsLayer.BaseTestCaseLayer@3ba9ad43]" started-at="2022-08-24T12:06:19 IST" name="report" finished-at="2022-08-24T12:06:19 IST" duration-ms="25" status="PASS">
          <reporter-output>
          </reporter-output>
        </test-method> <!-- report -->
        <test-method is-config="true" signature="report1()[pri:0, instance:org.crm.vtiger.evs.beta.tsLayer.BaseTestCaseLayer@3ba9ad43]" started-at="2022-08-24T12:08:09 IST" name="report1" finished-at="2022-08-24T12:08:09 IST" duration-ms="0" status="PASS">
          <reporter-output>
          </reporter-output>
        </test-method> <!-- report1 -->
      </class> <!-- org.crm.vtiger.evs.beta.tsLayer.BaseTestCaseLayer -->
      <class name="org.crm.vtiger.evs.beta.tsLayer.TestCases">
        <test-method is-config="true" signature="tsLaunchBrowser(java.lang.String)[pri:0, instance:org.crm.vtiger.evs.beta.tsLayer.TestCases@29626d54]" started-at="2022-08-24T12:06:19 IST" name="tsLaunchBrowser" finished-at="2022-08-24T12:06:33 IST" duration-ms="14223" status="PASS">
          <params>
            <param index="0">
              <value>
                <![CDATA[chrome]]>
              </value>
            </param>
          </params>
          <reporter-output>
          </reporter-output>
        </test-method> <!-- tsLaunchBrowser -->
        <test-method is-config="true" signature="tsloginPage()[pri:0, instance:org.crm.vtiger.evs.beta.tsLayer.TestCases@29626d54]" started-at="2022-08-24T12:06:33 IST" name="tsloginPage" finished-at="2022-08-24T12:06:39 IST" duration-ms="5967" status="PASS">
          <reporter-output>
          </reporter-output>
        </test-method> <!-- tsloginPage -->
        <test-method signature="tsInvoiceCreation()[pri:1, instance:org.crm.vtiger.evs.beta.tsLayer.TestCases@29626d54]" started-at="2022-08-24T12:06:39 IST" name="tsInvoiceCreation" finished-at="2022-08-24T12:07:09 IST" duration-ms="29562" status="PASS">
          <reporter-output>
          </reporter-output>
        </test-method> <!-- tsInvoiceCreation -->
        <test-method is-config="true" signature="tslogout()[pri:0, instance:org.crm.vtiger.evs.beta.tsLayer.TestCases@29626d54]" started-at="2022-08-24T12:07:09 IST" name="tslogout" finished-at="2022-08-24T12:07:12 IST" duration-ms="3377" status="PASS">
          <reporter-output>
          </reporter-output>
        </test-method> <!-- tslogout -->
        <test-method is-config="true" signature="tsloginPage()[pri:0, instance:org.crm.vtiger.evs.beta.tsLayer.TestCases@29626d54]" started-at="2022-08-24T12:07:12 IST" name="tsloginPage" finished-at="2022-08-24T12:07:17 IST" duration-ms="4756" status="PASS">
          <reporter-output>
          </reporter-output>
        </test-method> <!-- tsloginPage -->
        <test-method signature="tsMarketingCampaignCreation()[pri:2, instance:org.crm.vtiger.evs.beta.tsLayer.TestCases@29626d54]" started-at="2022-08-24T12:07:17 IST" name="tsMarketingCampaignCreation" finished-at="2022-08-24T12:07:34 IST" duration-ms="16859" status="PASS">
          <reporter-output>
          </reporter-output>
        </test-method> <!-- tsMarketingCampaignCreation -->
        <test-method is-config="true" signature="tslogout()[pri:0, instance:org.crm.vtiger.evs.beta.tsLayer.TestCases@29626d54]" started-at="2022-08-24T12:07:34 IST" name="tslogout" finished-at="2022-08-24T12:07:37 IST" duration-ms="3039" status="PASS">
          <reporter-output>
          </reporter-output>
        </test-method> <!-- tslogout -->
        <test-method is-config="true" signature="tsloginPage()[pri:0, instance:org.crm.vtiger.evs.beta.tsLayer.TestCases@29626d54]" started-at="2022-08-24T12:07:37 IST" name="tsloginPage" finished-at="2022-08-24T12:07:42 IST" duration-ms="4947" status="PASS">
          <reporter-output>
          </reporter-output>
        </test-method> <!-- tsloginPage -->
        <test-method signature="tsHomePageAboutUs()[pri:3, instance:org.crm.vtiger.evs.beta.tsLayer.TestCases@29626d54]" started-at="2022-08-24T12:07:42 IST" name="tsHomePageAboutUs" finished-at="2022-08-24T12:07:49 IST" duration-ms="7167" status="PASS">
          <reporter-output>
          </reporter-output>
        </test-method> <!-- tsHomePageAboutUs -->
        <test-method is-config="true" signature="tslogout()[pri:0, instance:org.crm.vtiger.evs.beta.tsLayer.TestCases@29626d54]" started-at="2022-08-24T12:07:49 IST" name="tslogout" finished-at="2022-08-24T12:07:51 IST" duration-ms="2381" status="PASS">
          <reporter-output>
          </reporter-output>
        </test-method> <!-- tslogout -->
        <test-method is-config="true" signature="tsloginPage()[pri:0, instance:org.crm.vtiger.evs.beta.tsLayer.TestCases@29626d54]" started-at="2022-08-24T12:07:51 IST" name="tsloginPage" finished-at="2022-08-24T12:07:56 IST" duration-ms="5308" status="PASS">
          <reporter-output>
          </reporter-output>
        </test-method> <!-- tsloginPage -->
        <test-method signature="tsAccount()[pri:4, instance:org.crm.vtiger.evs.beta.tsLayer.TestCases@29626d54]" started-at="2022-08-24T12:07:56 IST" name="tsAccount" finished-at="2022-08-24T12:08:06 IST" duration-ms="9882" status="PASS">
          <reporter-output>
          </reporter-output>
        </test-method> <!-- tsAccount -->
        <test-method is-config="true" signature="tslogout()[pri:0, instance:org.crm.vtiger.evs.beta.tsLayer.TestCases@29626d54]" started-at="2022-08-24T12:08:06 IST" name="tslogout" finished-at="2022-08-24T12:08:07 IST" duration-ms="945" status="PASS">
          <reporter-output>
          </reporter-output>
        </test-method> <!-- tslogout -->
        <test-method is-config="true" signature="tsCloseBrowser()[pri:0, instance:org.crm.vtiger.evs.beta.tsLayer.TestCases@29626d54]" started-at="2022-08-24T12:08:07 IST" name="tsCloseBrowser" finished-at="2022-08-24T12:08:09 IST" duration-ms="1257" status="PASS">
          <reporter-output>
          </reporter-output>
        </test-method> <!-- tsCloseBrowser -->
      </class> <!-- org.crm.vtiger.evs.beta.tsLayer.TestCases -->
    </test> <!-- Testing Start On Chrome -->
    <test started-at="2022-08-24T12:08:09 IST" name="Testing on Firefox Browser" finished-at="2022-08-24T12:09:21 IST" duration-ms="72759">
      <class name="org.crm.vtiger.evs.beta.tsLayer.TestCases">
        <test-method is-config="true" signature="report()[pri:0, instance:org.crm.vtiger.evs.beta.tsLayer.TestCases@291ae]" started-at="2022-08-24T12:08:09 IST" name="report" finished-at="2022-08-24T12:08:09 IST" duration-ms="0" status="PASS">
          <reporter-output>
          </reporter-output>
        </test-method> <!-- report -->
        <test-method is-config="true" signature="tsLaunchBrowser(java.lang.String)[pri:0, instance:org.crm.vtiger.evs.beta.tsLayer.TestCases@291ae]" started-at="2022-08-24T12:08:09 IST" name="tsLaunchBrowser" finished-at="2022-08-24T12:08:18 IST" duration-ms="9134" status="PASS">
          <params>
            <param index="0">
              <value>
                <![CDATA[Firefox]]>
              </value>
            </param>
          </params>
          <reporter-output>
          </reporter-output>
        </test-method> <!-- tsLaunchBrowser -->
        <test-method is-config="true" signature="tsloginPage()[pri:0, instance:org.crm.vtiger.evs.beta.tsLayer.TestCases@291ae]" started-at="2022-08-24T12:08:18 IST" name="tsloginPage" finished-at="2022-08-24T12:08:23 IST" duration-ms="4928" status="PASS">
          <reporter-output>
          </reporter-output>
        </test-method> <!-- tsloginPage -->
        <test-method signature="tsInvoiceCreation()[pri:1, instance:org.crm.vtiger.evs.beta.tsLayer.TestCases@291ae]" started-at="2022-08-24T12:08:23 IST" name="tsInvoiceCreation" finished-at="2022-08-24T12:08:44 IST" duration-ms="21349" status="PASS">
          <reporter-output>
          </reporter-output>
        </test-method> <!-- tsInvoiceCreation -->
        <test-method is-config="true" signature="tslogout()[pri:0, instance:org.crm.vtiger.evs.beta.tsLayer.TestCases@291ae]" started-at="2022-08-24T12:08:44 IST" name="tslogout" finished-at="2022-08-24T12:08:46 IST" duration-ms="2348" status="PASS">
          <reporter-output>
          </reporter-output>
        </test-method> <!-- tslogout -->
        <test-method is-config="true" signature="tsloginPage()[pri:0, instance:org.crm.vtiger.evs.beta.tsLayer.TestCases@291ae]" started-at="2022-08-24T12:08:46 IST" name="tsloginPage" finished-at="2022-08-24T12:08:50 IST" duration-ms="4009" status="PASS">
          <reporter-output>
          </reporter-output>
        </test-method> <!-- tsloginPage -->
        <test-method signature="tsMarketingCampaignCreation()[pri:2, instance:org.crm.vtiger.evs.beta.tsLayer.TestCases@291ae]" started-at="2022-08-24T12:08:50 IST" name="tsMarketingCampaignCreation" finished-at="2022-08-24T12:09:04 IST" duration-ms="13397" status="PASS">
          <reporter-output>
          </reporter-output>
        </test-method> <!-- tsMarketingCampaignCreation -->
        <test-method is-config="true" signature="tslogout()[pri:0, instance:org.crm.vtiger.evs.beta.tsLayer.TestCases@291ae]" started-at="2022-08-24T12:09:04 IST" name="tslogout" finished-at="2022-08-24T12:09:06 IST" duration-ms="2358" status="PASS">
          <reporter-output>
          </reporter-output>
        </test-method> <!-- tslogout -->
        <test-method is-config="true" signature="tsloginPage()[pri:0, instance:org.crm.vtiger.evs.beta.tsLayer.TestCases@291ae]" started-at="2022-08-24T12:09:06 IST" name="tsloginPage" finished-at="2022-08-24T12:09:10 IST" duration-ms="3946" status="PASS">
          <reporter-output>
          </reporter-output>
        </test-method> <!-- tsloginPage -->
        <test-method signature="tsAccount()[pri:4, instance:org.crm.vtiger.evs.beta.tsLayer.TestCases@291ae]" started-at="2022-08-24T12:09:10 IST" name="tsAccount" finished-at="2022-08-24T12:09:19 IST" duration-ms="9188" status="PASS">
          <reporter-output>
          </reporter-output>
        </test-method> <!-- tsAccount -->
        <test-method is-config="true" signature="tslogout()[pri:0, instance:org.crm.vtiger.evs.beta.tsLayer.TestCases@291ae]" started-at="2022-08-24T12:09:19 IST" name="tslogout" finished-at="2022-08-24T12:09:20 IST" duration-ms="214" status="PASS">
          <reporter-output>
          </reporter-output>
        </test-method> <!-- tslogout -->
        <test-method is-config="true" signature="tsCloseBrowser()[pri:0, instance:org.crm.vtiger.evs.beta.tsLayer.TestCases@291ae]" started-at="2022-08-24T12:09:20 IST" name="tsCloseBrowser" finished-at="2022-08-24T12:09:21 IST" duration-ms="1852" status="PASS">
          <reporter-output>
          </reporter-output>
        </test-method> <!-- tsCloseBrowser -->
        <test-method is-config="true" signature="report1()[pri:0, instance:org.crm.vtiger.evs.beta.tsLayer.TestCases@291ae]" started-at="2022-08-24T12:09:21 IST" name="report1" finished-at="2022-08-24T12:09:21 IST" duration-ms="0" status="PASS">
          <reporter-output>
          </reporter-output>
        </test-method> <!-- report1 -->
      </class> <!-- org.crm.vtiger.evs.beta.tsLayer.TestCases -->
    </test> <!-- Testing on Firefox Browser -->
  </suite> <!-- Vtiger CRM Project -->
</testng-results>
