<?xml version="1.0" encoding="UTF-8"?>
<!-- Generated by org.testng.reporters.JUnitXMLReporter -->
<testsuite ignored="0" hostname="DESKTOP-M9G8GLA" failures="0" tests="2" name="Default test" time="27.126" errors="0" timestamp="2022-09-02T10:36:11 IST">
  <testcase classname="com.daphnish.CRM.testCaseLayer.VerifyAccountSearchFunctionality" name="ts001verifyAccountSearchTakeData" time="5.649"/>
  <testcase classname="com.daphnish.CRM.testCaseLayer.VerifyAccountSearchFunctionality" name="ts002verifyAccountSearchNowIsWrittenOnbtn" time="4.258"/>
</testsuite> <!-- Default test -->
